build/app/intermediates/manifest_merge_blame_file/release/manifest-merger-blame-release-report.txt
1<?xml version="1.0" encoding="utf-8"?>
2<manifest xmlns:android="http://schemas.android.com/apk/res/android"
3    package="com.example.speech_to_text_example"
4    android:versionCode="1"
5    android:versionName="2" >
6
7    <uses-sdk
8        android:minSdkVersion="21"
8-->src\main\AndroidManifest.xml
9        android:targetSdkVersion="30" />
9-->src\main\AndroidManifest.xml
10
11    <uses-permission android:name="android.permission.INTERNET" />
11-->src\main\AndroidManifest.xml:4:5-66
11-->src\main\AndroidManifest.xml:4:22-64
12    <uses-permission android:name="android.permission.RECORD_AUDIO" />
12-->src\main\AndroidManifest.xml:5:5-70
12-->src\main\AndroidManifest.xml:5:22-68
13
14    <application
14-->src\main\AndroidManifest.xml:7:4-44:19
15        android:appComponentFactory="androidx.core.app.CoreComponentFactory"
15-->[androidx.core:core:1.1.0] AndroidManifest.xml:24:18-86
16        android:icon="@mipmap/ic_launcher"
16-->src\main\AndroidManifest.xml:9:9-43
17        android:label="speech_to_text_example" >
17-->src\main\AndroidManifest.xml:8:9-47
18        <activity
18-->src\main\AndroidManifest.xml:10:9-38:20
19            android:name="com.example.speech_to_text_example.MainActivity"
19-->src\main\AndroidManifest.xml:11:13-41
20            android:configChanges="orientation|keyboardHidden|keyboard|screenSize|smallestScreenSize|locale|layoutDirection|fontScale|screenLayout|density|uiMode"
20-->src\main\AndroidManifest.xml:14:13-163
21            android:hardwareAccelerated="true"
21-->src\main\AndroidManifest.xml:15:13-47
22            android:launchMode="singleTop"
22-->src\main\AndroidManifest.xml:12:13-43
23            android:theme="@style/LaunchTheme"
23-->src\main\AndroidManifest.xml:13:13-47
24            android:windowSoftInputMode="adjustResize" >
24-->src\main\AndroidManifest.xml:16:13-55
25
26            <!--
27                 Specifies an Android theme to apply to this Activity as soon as
28                 the Android process has started. This theme is visible to the user
29                 while the Flutter UI initializes. After that, this theme continues
30                 to determine the Window background behind the Flutter UI.
31            -->
32            <meta-data
32-->src\main\AndroidManifest.xml:21:13-24:17
33                android:name="io.flutter.embedding.android.NormalTheme"
33-->src\main\AndroidManifest.xml:22:15-70
34                android:resource="@style/NormalTheme" />
34-->src\main\AndroidManifest.xml:23:15-52
35            <!--
36                 Displays an Android View that continues showing the launch screen
37                 Drawable until Flutter paints its first frame, then this splash
38                 screen fades out. A splash screen is useful to avoid any visual
39                 gap between the end of Android's launch screen and the painting of
40                 Flutter's first frame.
41            -->
42            <meta-data
42-->src\main\AndroidManifest.xml:30:13-33:17
43                android:name="io.flutter.embedding.android.SplashScreenDrawable"
43-->src\main\AndroidManifest.xml:31:15-79
44                android:resource="@drawable/launch_background" />
44-->src\main\AndroidManifest.xml:32:15-61
45
46            <intent-filter>
46-->src\main\AndroidManifest.xml:34:13-37:29
47                <action android:name="android.intent.action.MAIN" />
47-->src\main\AndroidManifest.xml:35:17-68
47-->src\main\AndroidManifest.xml:35:25-66
48
49                <category android:name="android.intent.category.LAUNCHER" />
49-->src\main\AndroidManifest.xml:36:17-76
49-->src\main\AndroidManifest.xml:36:27-74
50            </intent-filter>
51        </activity>
52        <!--
53             Don't delete the meta-data below.
54             This is used by the Flutter tool to generate GeneratedPluginRegistrant.java
55        -->
56        <meta-data
56-->src\main\AndroidManifest.xml:41:9-43:33
57            android:name="flutterEmbedding"
57-->src\main\AndroidManifest.xml:42:13-44
58            android:value="2" />
58-->src\main\AndroidManifest.xml:43:13-30
59
60        <activity
60-->[:url_launcher] AndroidManifest.xml:8:9-11:74
61            android:name="io.flutter.plugins.urllauncher.WebViewActivity"
61-->[:url_launcher] AndroidManifest.xml:9:13-74
62            android:exported="false"
62-->[:url_launcher] AndroidManifest.xml:10:13-37
63            android:theme="@android:style/Theme.NoTitleBar.Fullscreen" />
63-->[:url_launcher] AndroidManifest.xml:11:13-71
64    </application>
65
66</manifest>